Determining if the pthread_create exist failed with the following output:
Change Dir: /home/mohammad/catkin_ws/build/CMakeFiles/CMakeTmp

Run Build Command:"/usr/bin/make" "cmTC_8fa51/fast"
/usr/bin/make -f CMakeFiles/cmTC_8fa51.dir/build.make CMakeFiles/cmTC_8fa51.dir/build
make[1]: Entering directory '/home/mohammad/catkin_ws/build/CMakeFiles/CMakeTmp'
Building C object CMakeFiles/cmTC_8fa51.dir/CheckSymbolExists.c.o
/usr/bin/cc    -o CMakeFiles/cmTC_8fa51.dir/CheckSymbolExists.c.o   -c /home/mohammad/catkin_ws/build/CMakeFiles/CMakeTmp/CheckSymbolExists.c
Linking C executable cmTC_8fa51
/usr/bin/cmake -E cmake_link_script CMakeFiles/cmTC_8fa51.dir/link.txt --verbose=1
/usr/bin/cc      -rdynamic CMakeFiles/cmTC_8fa51.dir/CheckSymbolExists.c.o  -o cmTC_8fa51 
CMakeFiles/cmTC_8fa51.dir/CheckSymbolExists.c.o: In function `main':
CheckSymbolExists.c:(.text+0x1b): undefined reference to `pthread_create'
collect2: error: ld returned 1 exit status
CMakeFiles/cmTC_8fa51.dir/build.make:97: recipe for target 'cmTC_8fa51' failed
make[1]: *** [cmTC_8fa51] Error 1
make[1]: Leaving directory '/home/mohammad/catkin_ws/build/CMakeFiles/CMakeTmp'
Makefile:126: recipe for target 'cmTC_8fa51/fast' failed
make: *** [cmTC_8fa51/fast] Error 2

File /home/mohammad/catkin_ws/build/CMakeFiles/CMakeTmp/CheckSymbolExists.c:
/* */
#include <pthread.h>

int main(int argc, char** argv)
{
  (void)argv;
#ifndef pthread_create
  return ((int*)(&pthread_create))[argc];
#else
  (void)argc;
  return 0;
#endif
}

Determining if the function pthread_create exists in the pthreads failed with the following output:
Change Dir: /home/mohammad/catkin_ws/build/CMakeFiles/CMakeTmp

Run Build Command:"/usr/bin/make" "cmTC_f646f/fast"
/usr/bin/make -f CMakeFiles/cmTC_f646f.dir/build.make CMakeFiles/cmTC_f646f.dir/build
make[1]: Entering directory '/home/mohammad/catkin_ws/build/CMakeFiles/CMakeTmp'
Building C object CMakeFiles/cmTC_f646f.dir/CheckFunctionExists.c.o
/usr/bin/cc   -DCHECK_FUNCTION_EXISTS=pthread_create   -o CMakeFiles/cmTC_f646f.dir/CheckFunctionExists.c.o   -c /usr/share/cmake-3.10/Modules/CheckFunctionExists.c
Linking C executable cmTC_f646f
/usr/bin/cmake -E cmake_link_script CMakeFiles/cmTC_f646f.dir/link.txt --verbose=1
/usr/bin/cc  -DCHECK_FUNCTION_EXISTS=pthread_create    -rdynamic CMakeFiles/cmTC_f646f.dir/CheckFunctionExists.c.o  -o cmTC_f646f -lpthreads 
/usr/bin/ld: cannot find -lpthreads
collect2: error: ld returned 1 exit status
CMakeFiles/cmTC_f646f.dir/build.make:97: recipe for target 'cmTC_f646f' failed
make[1]: *** [cmTC_f646f] Error 1
make[1]: Leaving directory '/home/mohammad/catkin_ws/build/CMakeFiles/CMakeTmp'
Makefile:126: recipe for target 'cmTC_f646f/fast' failed
make: *** [cmTC_f646f/fast] Error 2


